=== Active SIM_CONFIG ===
$simulation
$simulation$seed
[1] 20251025

$simulation$n
[1] 1000

$simulation$p
[1] 50

$simulation$q
[1] 50

$simulation$gamma_sparsity
[1] 0.05

$simulation$gamma_mag
[1] 1 2

$simulation$gamma_signed
[1] TRUE

$simulation$intercept_zero
[1] TRUE

$simulation$center_X
[1] TRUE

$simulation$omega_kappa
[1] 60

$simulation$omega_sparsity
[1] 0.05

$simulation$omega_base_val
[1] 0.5


$lambda_path
$lambda_path$path_len
[1] 60

$lambda_path$ratio_lambda
[1] 1e-04


$outer_pg
$outer_pg$max_iter
[1] 1000

$outer_pg$min_iter
[1] 100

$outer_pg$tol_PG_sub
[1] 1e-04

$outer_pg$tol_obj
[1] 1e-04

$outer_pg$tol_gm
[1] 1e-04

$outer_pg$use_relative_obj
[1] TRUE

$outer_pg$L0
[1] 1

$outer_pg$stop_modes
[1] "relative_change" "oracle_change"   "l2_step_norm"   

$outer_pg$stop_logic
[1] "any"

$outer_pg$l2_norm_tol
[1] 1e-04


$outer_pn
$outer_pn$max_iter
[1] 1000

$outer_pn$tol_PN_sub
[1] 1e-04

$outer_pn$stop_modes
[1] "local_norm"      "relative_change" "oracle_change"  

$outer_pn$stop_logic
[1] "any"

$outer_pn$line_search
$outer_pn$line_search$max_halving
[1] 3

$outer_pn$line_search$min_alpha
[1] 1e-08

$outer_pn$line_search$descent_eps
[1] 2e-12


$outer_pn$progress_every
[1] 50


$pn_subproblem_admm
$pn_subproblem_admm$max_iter
[1] 1000

$pn_subproblem_admm$tol_PN_ADMM_base
[1] 1e-05

$pn_subproblem_admm$tol_PN_ADMM_floor
[1] 1e-08

$pn_subproblem_admm$refine_trigger_halvings
[1] 3

$pn_subproblem_admm$refine_factor
[1] 10

$pn_subproblem_admm$max_refinement_rounds
[1] 3

$pn_subproblem_admm$stop_mode
[1] "residual_plus_proxy"

$pn_subproblem_admm$adaptive_rho
$pn_subproblem_admm$adaptive_rho$enabled
[1] TRUE

$pn_subproblem_admm$adaptive_rho$rho
[1] 1

$pn_subproblem_admm$adaptive_rho$rho_mu
[1] 10

$pn_subproblem_admm$adaptive_rho$rho_tau_inc
[1] 2

$pn_subproblem_admm$adaptive_rho$rho_tau_dec
[1] 2

$pn_subproblem_admm$adaptive_rho$rho_min
[1] 1e-08

$pn_subproblem_admm$adaptive_rho$rho_max
[1] 1e+08



$omega_prox_admm_pg
$omega_prox_admm_pg$max_iter
[1] 1000

$omega_prox_admm_pg$tol_Omega_ADMM
[1] 1e-05

$omega_prox_admm_pg$tol_Omega_ADMM_floor
[1] 1e-08

$omega_prox_admm_pg$mu
[1] 1

$omega_prox_admm_pg$stop_mode
[1] "current"

$omega_prox_admm_pg$eig_floor
[1] 1e-08


$omega_prox_admm_pn
$omega_prox_admm_pn$max_iter
[1] 1000

$omega_prox_admm_pn$tol_Omega_ADMM
[1] 1e-05

$omega_prox_admm_pn$tol_Omega_ADMM_floor
[1] 1e-08

$omega_prox_admm_pn$mu
[1] 1

$omega_prox_admm_pn$stop_mode
[1] "duality_gap"

$omega_prox_admm_pn$eig_floor
[1] 1e-08


$oracle_eval
$oracle_eval$fixed_iters
[1] 100

$oracle_eval$run_for_exports
[1] FALSE

$oracle_eval$reuse_existing
[1] TRUE

$oracle_eval$reuse_file
[1] "oracle_pn_100iter_loss_summary_tol_1e-04.csv"

$oracle_eval$nondecrease_eps
[1] 1e-12

$oracle_eval$loss_definition
[1] "best_within_fixed_iters"

$oracle_eval$scope
[1] "whole_path"


$numerics
$numerics$safe_inv_eps
[1] 1e-08

$numerics$safe_inv_jitter_init
[1] 0

$numerics$safe_inv_jitter_max
[1] 1e-05

$numerics$safe_logdet_jitter_init
[1] 0

$numerics$safe_logdet_jitter_max
[1] 1e-05

$numerics$safe_logdet_eps
[1] 1e-10

$numerics$matrix_condition_eps
[1] 1e-12

$numerics$pn_subproblem_eig_floor
[1] 1e-12

$numerics$null_corner_eps
[1] 1e-08


$benchmark
$benchmark$use_oracle_mode
[1] FALSE

$benchmark$use_relative_gap_mode
[1] FALSE

$benchmark$gap_tol_mode
NULL


$reporting
$reporting$solver_tols
[1] 1e-04

$reporting$method_levels
[1] "Prox-Newton"   "Prox-Gradient"

$reporting$write_parameter_catalog
[1] TRUE


=========================
  solver_tol max_iter_PG_outer min_iter_PG_outer max_iter_PN_outer
1      1e-04              1000               100              1000
  max_iter_PN_sub tol_PN_ADMM_base tol_PN_ADMM_floor tol_Omega_ADMM_PG
1            1000            1e-05             1e-08             1e-05
  tol_Omega_ADMM_PN    n  p  q path_len
1             1e-05 1000 50 50       60

=== Running solver_tol = 1.0e-04 ===
Reusing oracle from existing file: oracle_pn_100iter_loss_summary_tol_1e-04.csv
  -> case: case_relative_change | PN=relative_change | PG=relative_change
[PN path] step 1/60
[PN outer] iter 1/1000 | loss=1.380860e+02 | rel_change=8.583e-15 | ls_ok=TRUE | inner=111 | admm_tol=1.0e-07
[PN path] step 2/60
[PN outer] iter 1/1000 | loss=1.380860e+02 | rel_change=0.000e+00 | ls_ok=FALSE | inner=4000 | admm_tol=1.0e-08
[PN path] step 3/60
[PN outer] iter 1/1000 | loss=1.376857e+02 | rel_change=2.878e-03 | ls_ok=TRUE | inner=41 | admm_tol=1.0e-05
[PN path] step 4/60
[PN outer] iter 1/1000 | loss=1.364678e+02 | rel_change=2.836e-03 | ls_ok=TRUE | inner=45 | admm_tol=1.0e-05
[PN path] step 5/60
[PN outer] iter 1/1000 | loss=1.347900e+02 | rel_change=0.000e+00 | ls_ok=FALSE | inner=4000 | admm_tol=1.0e-08
[PN path] step 6/60
[PN outer] iter 1/1000 | loss=1.324823e+02 | rel_change=7.485e-03 | ls_ok=TRUE | inner=1000 | admm_tol=1.0e-05
[PN path] step 7/60
[PN outer] iter 1/1000 | loss=1.280250e+02 | rel_change=3.005e-03 | ls_ok=TRUE | inner=28 | admm_tol=1.0e-05
[PN path] step 8/60
[PN outer] iter 1/1000 | loss=1.240364e+02 | rel_change=2.752e-03 | ls_ok=TRUE | inner=132 | admm_tol=1.0e-05
[PN path] step 9/60
[PN outer] iter 1/1000 | loss=1.197592e+02 | rel_change=2.629e-03 | ls_ok=TRUE | inner=128 | admm_tol=1.0e-05
[PN path] step 10/60
[PN outer] iter 1/1000 | loss=1.152949e+02 | rel_change=2.571e-03 | ls_ok=TRUE | inner=124 | admm_tol=1.0e-05
[PN path] step 11/60
[PN outer] iter 1/1000 | loss=1.107230e+02 | rel_change=2.505e-03 | ls_ok=TRUE | inner=116 | admm_tol=1.0e-05
[PN path] step 12/60
[PN outer] iter 1/1000 | loss=1.061253e+02 | rel_change=2.530e-03 | ls_ok=TRUE | inner=105 | admm_tol=1.0e-05
[PN path] step 13/60
[PN outer] iter 1/1000 | loss=1.018004e+02 | rel_change=1.832e-05 | ls_ok=TRUE | inner=1000 | admm_tol=1.0e-05
[PN path] step 14/60
[PN outer] iter 1/1000 | loss=9.745564e+01 | rel_change=6.840e-03 | ls_ok=TRUE | inner=58 | admm_tol=1.0e-05
[PN path] step 15/60
[PN outer] iter 1/1000 | loss=9.263750e+01 | rel_change=2.288e-03 | ls_ok=TRUE | inner=51 | admm_tol=1.0e-05
[PN path] step 16/60
[PN outer] iter 1/1000 | loss=8.837350e+01 | rel_change=2.273e-03 | ls_ok=TRUE | inner=50 | admm_tol=1.0e-05
[PN path] step 17/60
[PN outer] iter 1/1000 | loss=8.425936e+01 | rel_change=2.240e-03 | ls_ok=TRUE | inner=48 | admm_tol=1.0e-05
[PN path] step 18/60
[PN outer] iter 1/1000 | loss=8.030544e+01 | rel_change=2.214e-03 | ls_ok=TRUE | inner=52 | admm_tol=1.0e-05
[PN path] step 19/60
[PN outer] iter 1/1000 | loss=7.651767e+01 | rel_change=2.159e-03 | ls_ok=TRUE | inner=62 | admm_tol=1.0e-05
[PN path] step 20/60
[PN outer] iter 1/1000 | loss=7.290305e+01 | rel_change=2.134e-03 | ls_ok=TRUE | inner=114 | admm_tol=1.0e-05
[PN path] step 21/60
[PN outer] iter 1/1000 | loss=6.946292e+01 | rel_change=2.077e-03 | ls_ok=TRUE | inner=122 | admm_tol=1.0e-05
[PN path] step 22/60
[PN outer] iter 1/1000 | loss=6.620256e+01 | rel_change=2.010e-03 | ls_ok=TRUE | inner=108 | admm_tol=1.0e-05
[PN path] step 23/60
[PN outer] iter 1/1000 | loss=6.311943e+01 | rel_change=1.971e-03 | ls_ok=TRUE | inner=68 | admm_tol=1.0e-05
[PN path] step 24/60
[PN outer] iter 1/1000 | loss=6.020898e+01 | rel_change=1.933e-03 | ls_ok=TRUE | inner=65 | admm_tol=1.0e-05
[PN path] step 25/60
[PN outer] iter 1/1000 | loss=5.745579e+01 | rel_change=1.983e-03 | ls_ok=TRUE | inner=71 | admm_tol=1.0e-05
[PN path] step 26/60
[PN outer] iter 1/1000 | loss=5.485038e+01 | rel_change=1.940e-03 | ls_ok=TRUE | inner=78 | admm_tol=1.0e-05
[PN path] step 27/60
[PN outer] iter 1/1000 | loss=5.239198e+01 | rel_change=1.884e-03 | ls_ok=TRUE | inner=86 | admm_tol=1.0e-05
[PN path] step 28/60
[PN outer] iter 1/1000 | loss=5.007669e+01 | rel_change=1.823e-03 | ls_ok=TRUE | inner=94 | admm_tol=1.0e-05
[PN path] step 29/60
[PN outer] iter 1/1000 | loss=4.790292e+01 | rel_change=1.754e-03 | ls_ok=TRUE | inner=188 | admm_tol=1.0e-05
[PN path] step 30/60
[PN outer] iter 1/1000 | loss=4.586699e+01 | rel_change=1.684e-03 | ls_ok=TRUE | inner=169 | admm_tol=1.0e-05
[PN path] step 31/60
[PN outer] iter 1/1000 | loss=4.396797e+01 | rel_change=1.559e-03 | ls_ok=TRUE | inner=102 | admm_tol=1.0e-05
[PN path] step 32/60
[PN outer] iter 1/1000 | loss=4.220429e+01 | rel_change=1.449e-03 | ls_ok=TRUE | inner=64 | admm_tol=1.0e-05
[PN path] step 33/60
[PN outer] iter 1/1000 | loss=4.057245e+01 | rel_change=1.332e-03 | ls_ok=TRUE | inner=69 | admm_tol=1.0e-05
[PN path] step 34/60
[PN outer] iter 1/1000 | loss=3.906976e+01 | rel_change=1.195e-03 | ls_ok=TRUE | inner=74 | admm_tol=1.0e-05
[PN path] step 35/60
[PN outer] iter 1/1000 | loss=3.769493e+01 | rel_change=1.105e-03 | ls_ok=TRUE | inner=79 | admm_tol=1.0e-05
[PN path] step 36/60
[PN outer] iter 1/1000 | loss=3.644345e+01 | rel_change=9.618e-04 | ls_ok=TRUE | inner=85 | admm_tol=1.0e-05
[PN path] step 37/60
[PN outer] iter 1/1000 | loss=3.531059e+01 | rel_change=8.191e-04 | ls_ok=TRUE | inner=92 | admm_tol=1.0e-05
[PN path] step 38/60
[PN outer] iter 1/1000 | loss=3.429011e+01 | rel_change=7.011e-04 | ls_ok=TRUE | inner=99 | admm_tol=1.0e-05
[PN path] step 39/60
[PN outer] iter 1/1000 | loss=3.337456e+01 | rel_change=5.972e-04 | ls_ok=TRUE | inner=103 | admm_tol=1.0e-05
[PN path] step 40/60
[PN outer] iter 1/1000 | loss=3.255598e+01 | rel_change=5.115e-04 | ls_ok=TRUE | inner=107 | admm_tol=1.0e-05
[PN path] step 41/60
[PN outer] iter 1/1000 | loss=3.182561e+01 | rel_change=4.527e-04 | ls_ok=TRUE | inner=111 | admm_tol=1.0e-05
[PN path] step 42/60
[PN outer] iter 1/1000 | loss=3.117452e+01 | rel_change=4.038e-04 | ls_ok=TRUE | inner=112 | admm_tol=1.0e-05
[PN path] step 43/60
[PN outer] iter 1/1000 | loss=3.059426e+01 | rel_change=3.550e-04 | ls_ok=TRUE | inner=113 | admm_tol=1.0e-05
[PN path] step 44/60
[PN outer] iter 1/1000 | loss=3.007722e+01 | rel_change=3.292e-04 | ls_ok=TRUE | inner=88 | admm_tol=1.0e-05
[PN path] step 45/60
[PN outer] iter 1/1000 | loss=2.961591e+01 | rel_change=3.030e-04 | ls_ok=TRUE | inner=102 | admm_tol=1.0e-05
[PN path] step 46/60
[PN outer] iter 1/1000 | loss=2.920434e+01 | rel_change=2.717e-04 | ls_ok=TRUE | inner=102 | admm_tol=1.0e-05
[PN path] step 47/60
[PN outer] iter 1/1000 | loss=2.883721e+01 | rel_change=2.460e-04 | ls_ok=TRUE | inner=93 | admm_tol=1.0e-05
[PN path] step 48/60
[PN outer] iter 1/1000 | loss=2.851002e+01 | rel_change=2.126e-04 | ls_ok=TRUE | inner=85 | admm_tol=1.0e-05
[PN path] step 49/60
[PN outer] iter 1/1000 | loss=2.821894e+01 | rel_change=1.822e-04 | ls_ok=TRUE | inner=83 | admm_tol=1.0e-05
[PN path] step 50/60
[PN outer] iter 1/1000 | loss=2.796056e+01 | rel_change=1.544e-04 | ls_ok=TRUE | inner=82 | admm_tol=1.0e-05
[PN path] step 51/60
[PN outer] iter 1/1000 | loss=2.773183e+01 | rel_change=1.259e-04 | ls_ok=TRUE | inner=83 | admm_tol=1.0e-05
[PN path] step 52/60
[PN outer] iter 1/1000 | loss=2.752996e+01 | rel_change=1.037e-04 | ls_ok=TRUE | inner=103 | admm_tol=1.0e-05
[PN path] step 53/60
[PN outer] iter 1/1000 | loss=2.735231e+01 | rel_change=8.435e-05 | ls_ok=TRUE | inner=134 | admm_tol=1.0e-05
[PN path] step 54/60
[PN outer] iter 1/1000 | loss=2.719631e+01 | rel_change=8.661e-05 | ls_ok=TRUE | inner=143 | admm_tol=1.0e-05
[PN path] step 55/60
[PN outer] iter 1/1000 | loss=2.705960e+01 | rel_change=7.244e-05 | ls_ok=TRUE | inner=81 | admm_tol=1.0e-05
[PN path] step 56/60
[PN outer] iter 1/1000 | loss=2.694006e+01 | rel_change=5.791e-05 | ls_ok=TRUE | inner=73 | admm_tol=1.0e-05
[PN path] step 57/60
[PN outer] iter 1/1000 | loss=2.683577e+01 | rel_change=4.608e-05 | ls_ok=TRUE | inner=71 | admm_tol=1.0e-05
[PN path] step 58/60
[PN outer] iter 1/1000 | loss=2.674496e+01 | rel_change=3.662e-05 | ls_ok=TRUE | inner=70 | admm_tol=1.0e-05
[PN path] step 59/60
[PN outer] iter 1/1000 | loss=2.666604e+01 | rel_change=2.868e-05 | ls_ok=TRUE | inner=68 | admm_tol=1.0e-05
[PN path] step 60/60
[PN outer] iter 1/1000 | loss=2.659763e+01 | rel_change=2.126e-05 | ls_ok=TRUE | inner=66 | admm_tol=1.0e-05
[PG path] step 1/60
[PG path] step 2/60
[PG path] step 3/60
[PG path] step 4/60
[PG path] step 5/60
[PG path] step 6/60
[PG path] step 7/60
[PG path] step 8/60
[PG path] step 9/60
[PG path] step 10/60
[PG path] step 11/60
[PG path] step 12/60
[PG path] step 13/60
[PG path] step 14/60
[PG path] step 15/60
[PG path] step 16/60
[PG path] step 17/60
[PG path] step 18/60
[PG path] step 19/60
[PG path] step 20/60
[PG path] step 21/60
[PG path] step 22/60
[PG path] step 23/60
[PG path] step 24/60
[PG path] step 25/60
[PG path] step 26/60
[PG path] step 27/60
[PG path] step 28/60
[PG path] step 29/60
[PG path] step 30/60
[PG path] step 31/60
[PG path] step 32/60
[PG path] step 33/60
[PG path] step 34/60
[PG path] step 35/60
[PG path] step 36/60
[PG path] step 37/60
[PG path] step 38/60
[PG path] step 39/60
[PG path] step 40/60
[PG path] step 41/60
[PG path] step 42/60
[PG path] step 43/60
[PG path] step 44/60
[PG path] step 45/60
[PG path] step 46/60
[PG path] step 47/60
[PG path] step 48/60
[PG path] step 49/60
[PG path] step 50/60
[PG path] step 51/60
[PG path] step 52/60
[PG path] step 53/60
[PG path] step 54/60
[PG path] step 55/60
[PG path] step 56/60
[PG path] step 57/60
[PG path] step 58/60
[PG path] step 59/60
[PG path] step 60/60
  -> case: case_oracle_change | PN=oracle_change | PG=oracle_change
[PN path] step 1/60
[PN outer] iter 1/1000 | loss=1.380860e+02 | rel_change=8.583e-15 | ls_ok=TRUE | inner=111 | admm_tol=1.0e-07
[PN path] step 2/60
[PN outer] iter 1/1000 | loss=1.380860e+02 | rel_change=0.000e+00 | ls_ok=FALSE | inner=4000 | admm_tol=1.0e-08
[PN path] step 3/60
[PN outer] iter 1/1000 | loss=1.376857e+02 | rel_change=2.878e-03 | ls_ok=TRUE | inner=41 | admm_tol=1.0e-05
[PN path] step 4/60
[PN outer] iter 1/1000 | loss=1.364678e+02 | rel_change=2.836e-03 | ls_ok=TRUE | inner=45 | admm_tol=1.0e-05
[PN path] step 5/60
[PN outer] iter 1/1000 | loss=1.348228e+02 | rel_change=0.000e+00 | ls_ok=FALSE | inner=4000 | admm_tol=1.0e-08
[PN path] step 6/60
[PN outer] iter 1/1000 | loss=1.325202e+02 | rel_change=7.647e-03 | ls_ok=TRUE | inner=1000 | admm_tol=1.0e-05
[PN path] step 7/60
[PN outer] iter 1/1000 | loss=1.280263e+02 | rel_change=3.017e-03 | ls_ok=TRUE | inner=28 | admm_tol=1.0e-05
[PN path] step 8/60
[PN outer] iter 1/1000 | loss=1.240534e+02 | rel_change=2.936e-03 | ls_ok=TRUE | inner=132 | admm_tol=1.0e-05
[PN path] step 9/60
[PN outer] iter 1/1000 | loss=1.197739e+02 | rel_change=2.802e-03 | ls_ok=TRUE | inner=128 | admm_tol=1.0e-05
[PN path] step 10/60
[PN outer] iter 1/1000 | loss=1.153065e+02 | rel_change=2.717e-03 | ls_ok=TRUE | inner=124 | admm_tol=1.0e-05
[PN path] step 11/60
[PN outer] iter 1/1000 | loss=1.107322e+02 | rel_change=2.632e-03 | ls_ok=TRUE | inner=116 | admm_tol=1.0e-05
[PN path] step 12/60
[PN outer] iter 1/1000 | loss=1.061263e+02 | rel_change=2.545e-03 | ls_ok=TRUE | inner=105 | admm_tol=1.0e-05
[PN path] step 13/60
[PN outer] iter 1/1000 | loss=1.018810e+02 | rel_change=2.308e-04 | ls_ok=TRUE | inner=1000 | admm_tol=1.0e-05
[PN path] step 14/60
[PN outer] iter 1/1000 | loss=9.704392e+01 | rel_change=2.447e-03 | ls_ok=TRUE | inner=50 | admm_tol=1.0e-05
[PN path] step 15/60
[PN outer] iter 1/1000 | loss=9.266877e+01 | rel_change=2.881e-03 | ls_ok=TRUE | inner=50 | admm_tol=1.0e-05
[PN path] step 16/60
[PN outer] iter 1/1000 | loss=8.837566e+01 | rel_change=2.323e-03 | ls_ok=TRUE | inner=50 | admm_tol=1.0e-05
[PN path] step 17/60
[PN outer] iter 1/1000 | loss=8.427892e+01 | rel_change=2.696e-03 | ls_ok=TRUE | inner=47 | admm_tol=1.0e-05
[PN path] step 18/60
[PN outer] iter 1/1000 | loss=8.032828e+01 | rel_change=2.785e-03 | ls_ok=TRUE | inner=50 | admm_tol=1.0e-05
[PN path] step 19/60
[PN outer] iter 1/1000 | loss=7.653879e+01 | rel_change=2.747e-03 | ls_ok=TRUE | inner=108 | admm_tol=1.0e-05
[PN path] step 20/60
[PN outer] iter 1/1000 | loss=7.292077e+01 | rel_change=2.680e-03 | ls_ok=TRUE | inner=111 | admm_tol=1.0e-05
[PN path] step 21/60
[PN outer] iter 1/1000 | loss=6.947730e+01 | rel_change=2.575e-03 | ls_ok=TRUE | inner=121 | admm_tol=1.0e-05
[PN path] step 22/60
[PN outer] iter 1/1000 | loss=6.621369e+01 | rel_change=2.451e-03 | ls_ok=TRUE | inner=158 | admm_tol=1.0e-05
[PN path] step 23/60
[PN outer] iter 1/1000 | loss=6.312828e+01 | rel_change=2.355e-03 | ls_ok=TRUE | inner=96 | admm_tol=1.0e-05
[PN path] step 24/60
[PN outer] iter 1/1000 | loss=6.021603e+01 | rel_change=2.274e-03 | ls_ok=TRUE | inner=63 | admm_tol=1.0e-05
[PN path] step 25/60
[PN outer] iter 1/1000 | loss=5.746173e+01 | rel_change=2.291e-03 | ls_ok=TRUE | inner=71 | admm_tol=1.0e-05
[PN path] step 26/60
[PN outer] iter 1/1000 | loss=5.485562e+01 | rel_change=2.239e-03 | ls_ok=TRUE | inner=78 | admm_tol=1.0e-05
[PN path] step 27/60
[PN outer] iter 1/1000 | loss=5.239629e+01 | rel_change=2.158e-03 | ls_ok=TRUE | inner=85 | admm_tol=1.0e-05
[PN path] step 28/60
[PN outer] iter 1/1000 | loss=5.008015e+01 | rel_change=2.069e-03 | ls_ok=TRUE | inner=93 | admm_tol=1.0e-05
[PN path] step 29/60
[PN outer] iter 1/1000 | loss=4.790563e+01 | rel_change=1.970e-03 | ls_ok=TRUE | inner=199 | admm_tol=1.0e-05
[PN path] step 30/60
[PN outer] iter 1/1000 | loss=4.586906e+01 | rel_change=1.869e-03 | ls_ok=TRUE | inner=164 | admm_tol=1.0e-05
[PN path] step 31/60
[PN outer] iter 1/1000 | loss=4.396951e+01 | rel_change=1.718e-03 | ls_ok=TRUE | inner=97 | admm_tol=1.0e-05
[PN path] step 32/60
[PN outer] iter 1/1000 | loss=4.220538e+01 | rel_change=1.580e-03 | ls_ok=TRUE | inner=64 | admm_tol=1.0e-05
[PN path] step 33/60
[PN outer] iter 1/1000 | loss=4.057323e+01 | rel_change=1.438e-03 | ls_ok=TRUE | inner=68 | admm_tol=1.0e-05
[PN path] step 34/60
[PN outer] iter 1/1000 | loss=3.907029e+01 | rel_change=1.280e-03 | ls_ok=TRUE | inner=74 | admm_tol=1.0e-05
[PN path] step 35/60
[PN outer] iter 1/1000 | loss=3.769498e+01 | rel_change=1.114e-03 | ls_ok=TRUE | inner=79 | admm_tol=1.0e-05
[PN path] step 36/60
[PN outer] iter 1/1000 | loss=3.644632e+01 | rel_change=1.478e-03 | ls_ok=TRUE | inner=85 | admm_tol=1.0e-05
[PN path] step 37/60
[PN outer] iter 1/1000 | loss=3.531074e+01 | rel_change=8.555e-04 | ls_ok=TRUE | inner=92 | admm_tol=1.0e-05
[PN path] step 38/60
[PN outer] iter 1/1000 | loss=3.429146e+01 | rel_change=1.051e-03 | ls_ok=TRUE | inner=99 | admm_tol=1.0e-05
[PN path] step 39/60
[PN outer] iter 1/1000 | loss=3.337599e+01 | rel_change=1.009e-03 | ls_ok=TRUE | inner=102 | admm_tol=1.0e-05
[PN path] step 40/60
[PN outer] iter 1/1000 | loss=3.255708e+01 | rel_change=8.814e-04 | ls_ok=TRUE | inner=107 | admm_tol=1.0e-05
[PN path] step 41/60
[PN outer] iter 1/1000 | loss=3.182638e+01 | rel_change=7.520e-04 | ls_ok=TRUE | inner=111 | admm_tol=1.0e-05
[PN path] step 42/60
[PN outer] iter 1/1000 | loss=3.117504e+01 | rel_change=6.440e-04 | ls_ok=TRUE | inner=94 | admm_tol=1.0e-05
[PN path] step 43/60
[PN outer] iter 1/1000 | loss=3.059466e+01 | rel_change=5.535e-04 | ls_ok=TRUE | inner=58 | admm_tol=1.0e-05
[PN path] step 44/60
[PN outer] iter 1/1000 | loss=3.007754e+01 | rel_change=4.892e-04 | ls_ok=TRUE | inner=60 | admm_tol=1.0e-05
[PN path] step 45/60
[PN outer] iter 1/1000 | loss=2.961613e+01 | rel_change=4.441e-04 | ls_ok=TRUE | inner=74 | admm_tol=1.0e-05
[PN path] step 46/60
[PN outer] iter 1/1000 | loss=2.920449e+01 | rel_change=3.922e-04 | ls_ok=TRUE | inner=83 | admm_tol=1.0e-05
[PN path] step 47/60
[PN outer] iter 1/1000 | loss=2.883732e+01 | rel_change=3.456e-04 | ls_ok=TRUE | inner=87 | admm_tol=1.0e-05
[PN path] step 48/60
[PN outer] iter 1/1000 | loss=2.851006e+01 | rel_change=2.977e-04 | ls_ok=TRUE | inner=92 | admm_tol=1.0e-05
[PN path] step 49/60
[PN outer] iter 1/1000 | loss=2.821896e+01 | rel_change=2.509e-04 | ls_ok=TRUE | inner=96 | admm_tol=1.0e-05
[PN path] step 50/60
[PN outer] iter 1/1000 | loss=2.796056e+01 | rel_change=2.090e-04 | ls_ok=TRUE | inner=99 | admm_tol=1.0e-05
[PN path] step 51/60
[PN outer] iter 1/1000 | loss=2.773181e+01 | rel_change=1.683e-04 | ls_ok=TRUE | inner=100 | admm_tol=1.0e-05
[PN path] step 52/60
[PN outer] iter 1/1000 | loss=2.752998e+01 | rel_change=1.335e-04 | ls_ok=TRUE | inner=100 | admm_tol=1.0e-05
[PN path] step 53/60
[PN outer] iter 1/1000 | loss=2.735233e+01 | rel_change=1.069e-04 | ls_ok=TRUE | inner=101 | admm_tol=1.0e-05
[PN path] step 54/60
[PN outer] iter 1/1000 | loss=2.719632e+01 | rel_change=8.594e-05 | ls_ok=TRUE | inner=103 | admm_tol=1.0e-05
[PN path] step 55/60
[PN outer] iter 1/1000 | loss=2.705960e+01 | rel_change=6.851e-05 | ls_ok=TRUE | inner=103 | admm_tol=1.0e-05
[PN path] step 56/60
[PN outer] iter 1/1000 | loss=2.694007e+01 | rel_change=5.404e-05 | ls_ok=TRUE | inner=103 | admm_tol=1.0e-05
[PN path] step 57/60
[PN outer] iter 1/1000 | loss=2.683577e+01 | rel_change=4.258e-05 | ls_ok=TRUE | inner=104 | admm_tol=1.0e-05
[PN path] step 58/60
[PN outer] iter 1/1000 | loss=2.674496e+01 | rel_change=3.321e-05 | ls_ok=TRUE | inner=105 | admm_tol=1.0e-05
[PN path] step 59/60
[PN outer] iter 1/1000 | loss=2.666604e+01 | rel_change=2.573e-05 | ls_ok=TRUE | inner=106 | admm_tol=1.0e-05
[PN path] step 60/60
[PN outer] iter 1/1000 | loss=2.659759e+01 | rel_change=1.950e-05 | ls_ok=TRUE | inner=106 | admm_tol=1.0e-05
[PG path] step 1/60
[PG path] step 2/60
[PG path] step 3/60
[PG path] step 4/60
[PG path] step 5/60
[PG path] step 6/60
[PG path] step 7/60
[PG path] step 8/60
[PG path] step 9/60
[PG path] step 10/60
[PG path] step 11/60
[PG path] step 12/60
[PG path] step 13/60
[PG path] step 14/60
[PG path] step 15/60
[PG path] step 16/60
[PG path] step 17/60
[PG path] step 18/60
[PG path] step 19/60
[PG path] step 20/60
[PG path] step 21/60
[PG path] step 22/60
[PG path] step 23/60
[PG path] step 24/60
[PG path] step 25/60
[PG path] step 26/60
[PG path] step 27/60
[PG path] step 28/60
[PG path] step 29/60
[PG path] step 30/60
[PG path] step 31/60
[PG path] step 32/60
[PG path] step 33/60
[PG path] step 34/60
[PG path] step 35/60
[PG path] step 36/60
[PG path] step 37/60
[PG path] step 38/60
[PG path] step 39/60
[PG path] step 40/60
[PG path] step 41/60
[PG path] step 42/60
[PG path] step 43/60
[PG path] step 44/60
[PG path] step 45/60
[PG path] step 46/60
[PG path] step 47/60
[PG path] step 48/60
[PG path] step 49/60
[PG path] step 50/60
[PG path] step 51/60
[PG path] step 52/60
[PG path] step 53/60
[PG path] step 54/60
[PG path] step 55/60
[PG path] step 56/60
[PG path] step 57/60
[PG path] step 58/60
[PG path] step 59/60
[PG path] step 60/60
  -> case: case_norm_mode | PN=local_norm | PG=l2_step_norm
[PN path] step 1/60
[PN outer] iter 1/1000 | loss=1.380860e+02 | rel_change=8.583e-15 | ls_ok=TRUE | inner=111 | admm_tol=1.0e-07
[PN path] step 2/60
[PN outer] iter 1/1000 | loss=1.380860e+02 | rel_change=0.000e+00 | ls_ok=FALSE | inner=4000 | admm_tol=1.0e-08
[PN path] step 3/60
[PN outer] iter 1/1000 | loss=1.376857e+02 | rel_change=2.878e-03 | ls_ok=TRUE | inner=41 | admm_tol=1.0e-05
[PN path] step 4/60
[PN outer] iter 1/1000 | loss=1.364678e+02 | rel_change=2.836e-03 | ls_ok=TRUE | inner=45 | admm_tol=1.0e-05
[PN path] step 5/60
[PN outer] iter 1/1000 | loss=1.343123e+02 | rel_change=3.509e-03 | ls_ok=TRUE | inner=1000 | admm_tol=1.0e-05
[PN path] step 6/60
[PN outer] iter 1/1000 | loss=1.315355e+02 | rel_change=3.004e-03 | ls_ok=TRUE | inner=28 | admm_tol=1.0e-05
[PN path] step 7/60
[PN outer] iter 1/1000 | loss=1.280149e+02 | rel_change=2.901e-03 | ls_ok=TRUE | inner=28 | admm_tol=1.0e-05
[PN path] step 8/60
[PN outer] iter 1/1000 | loss=1.240357e+02 | rel_change=2.743e-03 | ls_ok=TRUE | inner=132 | admm_tol=1.0e-05
[PN path] step 9/60
[PN outer] iter 1/1000 | loss=1.197588e+02 | rel_change=2.624e-03 | ls_ok=TRUE | inner=128 | admm_tol=1.0e-05
[PN path] step 10/60
[PN outer] iter 1/1000 | loss=1.152946e+02 | rel_change=2.567e-03 | ls_ok=TRUE | inner=124 | admm_tol=1.0e-05
[PN path] step 11/60
[PN outer] iter 1/1000 | loss=1.107228e+02 | rel_change=2.501e-03 | ls_ok=TRUE | inner=116 | admm_tol=1.0e-05
[PN path] step 12/60
[PN outer] iter 1/1000 | loss=1.061190e+02 | rel_change=2.434e-03 | ls_ok=TRUE | inner=105 | admm_tol=1.0e-05
[PN path] step 13/60
[PN outer] iter 1/1000 | loss=1.017747e+02 | rel_change=1.223e-04 | ls_ok=TRUE | inner=1000 | admm_tol=1.0e-05
[PN path] step 14/60
[PN outer] iter 1/1000 | loss=9.703778e+01 | rel_change=2.332e-03 | ls_ok=TRUE | inner=50 | admm_tol=1.0e-05
[PN path] step 15/60
[PN outer] iter 1/1000 | loss=9.263711e+01 | rel_change=2.280e-03 | ls_ok=TRUE | inner=51 | admm_tol=1.0e-05
[PN path] step 16/60
[PN outer] iter 1/1000 | loss=8.837126e+01 | rel_change=2.221e-03 | ls_ok=TRUE | inner=52 | admm_tol=1.0e-05
[PN path] step 17/60
[PN outer] iter 1/1000 | loss=8.425749e+01 | rel_change=2.192e-03 | ls_ok=TRUE | inner=50 | admm_tol=1.0e-05
[PN path] step 18/60
[PN outer] iter 1/1000 | loss=8.030394e+01 | rel_change=2.172e-03 | ls_ok=TRUE | inner=52 | admm_tol=1.0e-05
[PN path] step 19/60
[PN outer] iter 1/1000 | loss=7.651649e+01 | rel_change=2.122e-03 | ls_ok=TRUE | inner=62 | admm_tol=1.0e-05
[PN path] step 20/60
[PN outer] iter 1/1000 | loss=7.290212e+01 | rel_change=2.102e-03 | ls_ok=TRUE | inner=115 | admm_tol=1.0e-05
[PN path] step 21/60
[PN outer] iter 1/1000 | loss=6.946219e+01 | rel_change=2.049e-03 | ls_ok=TRUE | inner=123 | admm_tol=1.0e-05
[PN path] step 22/60
[PN outer] iter 1/1000 | loss=6.620199e+01 | rel_change=1.985e-03 | ls_ok=TRUE | inner=108 | admm_tol=1.0e-05
[PN path] step 23/60
[PN outer] iter 1/1000 | loss=6.311908e+01 | rel_change=1.952e-03 | ls_ok=TRUE | inner=97 | admm_tol=1.0e-05
[PN path] step 24/60
[PN outer] iter 1/1000 | loss=6.020866e+01 | rel_change=1.916e-03 | ls_ok=TRUE | inner=88 | admm_tol=1.0e-05
[PN path] step 25/60
[PN outer] iter 1/1000 | loss=5.745552e+01 | rel_change=1.967e-03 | ls_ok=TRUE | inner=80 | admm_tol=1.0e-05
[PN path] step 26/60
[PN outer] iter 1/1000 | loss=5.485011e+01 | rel_change=1.923e-03 | ls_ok=TRUE | inner=78 | admm_tol=1.0e-05
[PN outer] iter 50/1000 | loss=5.483331e+01 | rel_change=2.899e-11 | ls_ok=TRUE | inner=1 | admm_tol=1.0e-05
[PN outer] iter 100/1000 | loss=5.483331e+01 | rel_change=4.229e-11 | ls_ok=TRUE | inner=1 | admm_tol=1.0e-05
[PN path] step 27/60
[PN outer] iter 1/1000 | loss=5.239175e+01 | rel_change=1.868e-03 | ls_ok=TRUE | inner=86 | admm_tol=1.0e-05
[PN path] step 28/60
[PN outer] iter 1/1000 | loss=5.007650e+01 | rel_change=1.808e-03 | ls_ok=TRUE | inner=94 | admm_tol=1.0e-05
[PN path] step 29/60
[PN outer] iter 1/1000 | loss=4.790289e+01 | rel_change=1.739e-03 | ls_ok=TRUE | inner=102 | admm_tol=1.0e-05
[PN path] step 30/60
[PN outer] iter 1/1000 | loss=4.586685e+01 | rel_change=1.671e-03 | ls_ok=TRUE | inner=170 | admm_tol=1.0e-05
[PN path] step 31/60
[PN outer] iter 1/1000 | loss=4.396785e+01 | rel_change=1.547e-03 | ls_ok=TRUE | inner=101 | admm_tol=1.0e-05
[PN path] step 32/60
[PN outer] iter 1/1000 | loss=4.220425e+01 | rel_change=1.445e-03 | ls_ok=TRUE | inner=64 | admm_tol=1.0e-05
[PN path] step 33/60
[PN outer] iter 1/1000 | loss=4.057242e+01 | rel_change=1.328e-03 | ls_ok=TRUE | inner=69 | admm_tol=1.0e-05
[PN path] step 34/60
[PN outer] iter 1/1000 | loss=3.906974e+01 | rel_change=1.191e-03 | ls_ok=TRUE | inner=74 | admm_tol=1.0e-05
[PN path] step 35/60
[PN outer] iter 1/1000 | loss=3.769462e+01 | rel_change=1.045e-03 | ls_ok=TRUE | inner=79 | admm_tol=1.0e-05
[PN path] step 36/60
[PN outer] iter 1/1000 | loss=3.644322e+01 | rel_change=9.110e-04 | ls_ok=TRUE | inner=85 | admm_tol=1.0e-05
[PN path] step 37/60
[PN outer] iter 1/1000 | loss=3.531045e+01 | rel_change=7.795e-04 | ls_ok=TRUE | inner=91 | admm_tol=1.0e-05
[PN path] step 38/60
[PN outer] iter 1/1000 | loss=3.429002e+01 | rel_change=6.708e-04 | ls_ok=TRUE | inner=99 | admm_tol=1.0e-05
[PN path] step 39/60
[PN outer] iter 1/1000 | loss=3.337450e+01 | rel_change=5.731e-04 | ls_ok=TRUE | inner=102 | admm_tol=1.0e-05
[PN path] step 40/60
[PN outer] iter 1/1000 | loss=3.255593e+01 | rel_change=4.918e-04 | ls_ok=TRUE | inner=106 | admm_tol=1.0e-05
[PN path] step 41/60
[PN outer] iter 1/1000 | loss=3.182558e+01 | rel_change=4.369e-04 | ls_ok=TRUE | inner=110 | admm_tol=1.0e-05
[PN path] step 42/60
[PN outer] iter 1/1000 | loss=3.117449e+01 | rel_change=3.903e-04 | ls_ok=TRUE | inner=95 | admm_tol=1.0e-05
[PN path] step 43/60
[PN outer] iter 1/1000 | loss=3.059424e+01 | rel_change=3.529e-04 | ls_ok=TRUE | inner=100 | admm_tol=1.0e-05
[PN path] step 44/60
[PN outer] iter 1/1000 | loss=3.007722e+01 | rel_change=3.240e-04 | ls_ok=TRUE | inner=83 | admm_tol=1.0e-05
[PN path] step 45/60
[PN outer] iter 1/1000 | loss=2.961589e+01 | rel_change=3.009e-04 | ls_ok=TRUE | inner=83 | admm_tol=1.0e-05
[PN path] step 46/60
[PN outer] iter 1/1000 | loss=2.920432e+01 | rel_change=2.702e-04 | ls_ok=TRUE | inner=84 | admm_tol=1.0e-05
[PN path] step 47/60
[PN outer] iter 1/1000 | loss=2.883719e+01 | rel_change=2.442e-04 | ls_ok=TRUE | inner=80 | admm_tol=1.0e-05
[PN path] step 48/60
[PN outer] iter 1/1000 | loss=2.850997e+01 | rel_change=2.120e-04 | ls_ok=TRUE | inner=80 | admm_tol=1.0e-05
[PN path] step 49/60
[PN outer] iter 1/1000 | loss=2.821890e+01 | rel_change=1.813e-04 | ls_ok=TRUE | inner=79 | admm_tol=1.0e-05
[PN path] step 50/60
[PN outer] iter 1/1000 | loss=2.796051e+01 | rel_change=1.537e-04 | ls_ok=TRUE | inner=68 | admm_tol=1.0e-05
[PN path] step 51/60
[PN outer] iter 1/1000 | loss=2.773178e+01 | rel_change=1.251e-04 | ls_ok=TRUE | inner=78 | admm_tol=1.0e-05
[PN path] step 52/60
[PN outer] iter 1/1000 | loss=2.752995e+01 | rel_change=1.012e-04 | ls_ok=TRUE | inner=77 | admm_tol=1.0e-05
[PN path] step 53/60
[PN outer] iter 1/1000 | loss=2.735231e+01 | rel_change=8.251e-05 | ls_ok=TRUE | inner=76 | admm_tol=1.0e-05
[PN path] step 54/60
[PN outer] iter 1/1000 | loss=2.719630e+01 | rel_change=6.717e-05 | ls_ok=TRUE | inner=74 | admm_tol=1.0e-05
[PN path] step 55/60
[PN outer] iter 1/1000 | loss=2.705959e+01 | rel_change=5.402e-05 | ls_ok=TRUE | inner=72 | admm_tol=1.0e-05
[PN path] step 56/60
[PN outer] iter 1/1000 | loss=2.694005e+01 | rel_change=4.264e-05 | ls_ok=TRUE | inner=71 | admm_tol=1.0e-05
[PN path] step 57/60
[PN outer] iter 1/1000 | loss=2.683576e+01 | rel_change=3.351e-05 | ls_ok=TRUE | inner=69 | admm_tol=1.0e-05
[PN path] step 58/60
[PN outer] iter 1/1000 | loss=2.674495e+01 | rel_change=2.599e-05 | ls_ok=TRUE | inner=65 | admm_tol=1.0e-05
[PN path] step 59/60
[PN outer] iter 1/1000 | loss=2.666603e+01 | rel_change=2.005e-05 | ls_ok=TRUE | inner=59 | admm_tol=1.0e-05
[PN path] step 60/60
[PN outer] iter 1/1000 | loss=2.659758e+01 | rel_change=1.493e-05 | ls_ok=TRUE | inner=57 | admm_tol=1.0e-05
[PG path] step 1/60
[PG path] step 2/60
[PG path] step 3/60
[PG path] step 4/60
[PG path] step 5/60
[PG path] step 6/60
[PG path] step 7/60
[PG path] step 8/60
[PG path] step 9/60
[PG path] step 10/60
[PG path] step 11/60
[PG path] step 12/60
[PG path] step 13/60
[PG path] step 14/60
[PG path] step 15/60
[PG path] step 16/60
[PG path] step 17/60
[PG path] step 18/60
[PG path] step 19/60
[PG path] step 20/60
[PG path] step 21/60
[PG path] step 22/60
[PG path] step 23/60
[PG path] step 24/60
[PG path] step 25/60
[PG path] step 26/60
[PG path] step 27/60
[PG path] step 28/60
[PG path] step 29/60
[PG path] step 30/60
[PG path] step 31/60
[PG path] step 32/60
[PG path] step 33/60
[PG path] step 34/60
[PG path] step 35/60
[PG path] step 36/60
[PG path] step 37/60
[PG path] step 38/60
[PG path] step 39/60
[PG path] step 40/60
[PG path] step 41/60
[PG path] step 42/60
[PG path] step 43/60
[PG path] step 44/60
[PG path] step 45/60
[PG path] step 46/60
[PG path] step 47/60
[PG path] step 48/60
[PG path] step 49/60
[PG path] step 50/60
[PG path] step 51/60
[PG path] step 52/60
[PG path] step 53/60
[PG path] step 54/60
[PG path] step 55/60
[PG path] step 56/60
[PG path] step 57/60
[PG path] step 58/60
[PG path] step 59/60
[PG path] step 60/60
                                       case        method total_elapsed_sec
case_relative_change.1 case_relative_change Prox-Gradient          5.206568
case_relative_change.2 case_relative_change   Prox-Newton        129.825047
case_oracle_change.1     case_oracle_change Prox-Gradient         21.780635
case_oracle_change.2     case_oracle_change   Prox-Newton        138.406880
case_norm_mode.1             case_norm_mode Prox-Gradient         26.817393
case_norm_mode.2             case_norm_mode   Prox-Newton        106.930222
                       tol_outer tol_inner_base tol_inner_floor
case_relative_change.1     1e-04          1e-05           1e-08
case_relative_change.2     1e-04          1e-05           1e-08
case_oracle_change.1       1e-04          1e-05           1e-08
case_oracle_change.2       1e-04          1e-05           1e-08
case_norm_mode.1           1e-04          1e-05           1e-08
case_norm_mode.2           1e-04          1e-05           1e-08
                             solver_tol                 case        method
1e-04_case_relative_change.1      1e-04 case_relative_change Prox-Gradient
1e-04_case_relative_change.2      1e-04 case_relative_change   Prox-Newton
1e-04_case_oracle_change.1        1e-04   case_oracle_change Prox-Gradient
1e-04_case_oracle_change.2        1e-04   case_oracle_change   Prox-Newton
1e-04_case_norm_mode.1            1e-04       case_norm_mode Prox-Gradient
1e-04_case_norm_mode.2            1e-04       case_norm_mode   Prox-Newton
                             total_elapsed_sec tol_outer tol_inner_base
1e-04_case_relative_change.1          5.206568     1e-04          1e-05
1e-04_case_relative_change.2        129.825047     1e-04          1e-05
1e-04_case_oracle_change.1           21.780635     1e-04          1e-05
1e-04_case_oracle_change.2          138.406880     1e-04          1e-05
1e-04_case_norm_mode.1               26.817393     1e-04          1e-05
1e-04_case_norm_mode.2              106.930222     1e-04          1e-05
                             tol_inner_floor
1e-04_case_relative_change.1           1e-08
1e-04_case_relative_change.2           1e-08
1e-04_case_oracle_change.1             1e-08
1e-04_case_oracle_change.2             1e-08
1e-04_case_norm_mode.1                 1e-08
1e-04_case_norm_mode.2                 1e-08
